RUN	com.gatling.test.api.PostPutDeleteAPI	postputdeleteapi	1697784367349	 	3.6.1
USER	Create User	START	1697784370466
USER	Create User	START	1697784370566
USER	Create User	START	1697784371068
USER	Create User	START	1697784371369
USER	Create User	START	1697784371169
USER	Create User	START	1697784371269
USER	Create User	START	1697784370265
USER	Create User	START	1697784370868
USER	Create User	START	1697784370168
USER	Create User	START	1697784370767
USER	Create User	START	1697784370969
USER	Create User	START	1697784370066
USER	Create User	START	1697784372992
USER	Create User	START	1697784370666
USER	Create User	START	1697784369974
USER	Create User	START	1697784372993
USER	Create User	START	1697784372992
USER	Create User	START	1697784372993
USER	Create User	START	1697784372993
USER	Create User	START	1697784370366
USER	Create User	START	1697784372992
USER	Create User	START	1697784372992
USER	Create User	START	1697784372992
USER	Create User	START	1697784372992
USER	Create User	START	1697784372993
USER	Create User	START	1697784372994
USER	Create User	START	1697784372993
USER	Create User	START	1697784372996
USER	Create User	START	1697784372996
USER	Create User	START	1697784372997
USER	Create User	START	1697784372996
USER	Create User	START	1697784373077
USER	Create User	START	1697784373164
USER	Create User	START	1697784373264
USER	Create User	START	1697784373363
USER	Create User	START	1697784373464
USER	Create User	START	1697784373564
USER	Create User	START	1697784373664
REQUEST		create user request	1697784372992	1697784373694	OK	 
REQUEST		create user request	1697784370767	1697784373721	OK	 
REQUEST		create user request	1697784372993	1697784373750	OK	 
REQUEST		create user request	1697784372997	1697784373712	OK	 
REQUEST		create user request	1697784372997	1697784373717	OK	 
REQUEST		create user request	1697784372995	1697784373697	OK	 
REQUEST		create user request	1697784372994	1697784373721	OK	 
REQUEST		create user request	1697784370000	1697784373740	OK	 
REQUEST		create user request	1697784372993	1697784373674	OK	 
REQUEST		create user request	1697784372993	1697784373717	OK	 
REQUEST		create user request	1697784372997	1697784373712	OK	 
REQUEST		create user request	1697784371271	1697784373721	OK	 
REQUEST		create user request	1697784372993	1697784373757	OK	 
REQUEST		create user request	1697784371170	1697784373757	OK	 
REQUEST		create user request	1697784370367	1697784373758	OK	 
REQUEST		create user request	1697784370170	1697784373759	OK	 
REQUEST		create user request	1697784370067	1697784373759	OK	 
REQUEST		create user request	1697784373078	1697784373761	OK	 
REQUEST		create user request	1697784372992	1697784373762	OK	 
REQUEST		create user request	1697784370467	1697784373764	OK	 
USER	Create User	START	1697784373764
REQUEST		create user request	1697784373265	1697784373766	OK	 
REQUEST		create user request	1697784371370	1697784373769	OK	 
REQUEST		create user request	1697784370970	1697784373768	OK	 
REQUEST		create user request	1697784372994	1697784373771	OK	 
REQUEST		create user request	1697784373364	1697784373799	OK	 
REQUEST		create user request	1697784372994	1697784373799	OK	 
USER	Create User	START	1697784373864
REQUEST		create user request	1697784373465	1697784373890	OK	 
USER	Create User	START	1697784373964
REQUEST		create user request	1697784372994	1697784373965	OK	 
REQUEST		create user request	1697784371069	1697784373968	OK	 
REQUEST		create user request	1697784370567	1697784373983	OK	 
REQUEST		create user request	1697784373564	1697784374018	OK	 
REQUEST		create user request	1697784372997	1697784374018	OK	 
USER	Create User	START	1697784374064
REQUEST		Register User	1697784373754	1697784374120	OK	 
REQUEST		Register User	1697784373754	1697784374125	OK	 
REQUEST		Register User	1697784373756	1697784374125	OK	 
REQUEST		Register User	1697784373754	1697784374125	OK	 
REQUEST		Register User	1697784373754	1697784374125	OK	 
REQUEST		Register User	1697784373753	1697784374126	OK	 
REQUEST		Register User	1697784373754	1697784374126	OK	 
REQUEST		Register User	1697784373763	1697784374129	OK	 
REQUEST		Register User	1697784373759	1697784374130	OK	 
USER	Create User	END	1697784374132
USER	Create User	END	1697784374132
USER	Create User	END	1697784374132
USER	Create User	END	1697784374132
USER	Create User	END	1697784374132
USER	Create User	END	1697784374132
USER	Create User	END	1697784374132
USER	Create User	END	1697784374132
USER	Create User	END	1697784374132
REQUEST		Register User	1697784373763	1697784374134	OK	 
REQUEST		Register User	1697784373753	1697784374134	OK	 
REQUEST		Register User	1697784373759	1697784374134	OK	 
REQUEST		Register User	1697784373770	1697784374134	OK	 
REQUEST		Register User	1697784373768	1697784374134	OK	 
USER	Create User	END	1697784374135
USER	Create User	END	1697784374135
USER	Create User	END	1697784374135
USER	Create User	END	1697784374135
USER	Create User	END	1697784374135
REQUEST		Register User	1697784373753	1697784374137	OK	 
USER	Create User	END	1697784374138
REQUEST		Register User	1697784373765	1697784374139	OK	 
USER	Create User	END	1697784374140
REQUEST		Register User	1697784373753	1697784374154	OK	 
REQUEST		Register User	1697784373772	1697784374154	OK	 
REQUEST		Register User	1697784373760	1697784374154	OK	 
USER	Create User	END	1697784374156
USER	Create User	END	1697784374156
USER	Create User	END	1697784374156
REQUEST		Register User	1697784373761	1697784374159	OK	 
REQUEST		Register User	1697784373754	1697784374159	OK	 
REQUEST		Register User	1697784373758	1697784374159	OK	 
USER	Create User	END	1697784374160
USER	Create User	END	1697784374160
USER	Create User	END	1697784374160
REQUEST		Register User	1697784373760	1697784374161	OK	 
REQUEST		create user request	1697784373665	1697784374161	OK	 
USER	Create User	END	1697784374164
USER	Create User	START	1697784374164
REQUEST		Register User	1697784373800	1697784374169	OK	 
REQUEST		Register User	1697784373800	1697784374169	OK	 
REQUEST		Register User	1697784373770	1697784374169	OK	 
USER	Create User	END	1697784374171
USER	Create User	END	1697784374171
USER	Create User	END	1697784374171
REQUEST		create user request	1697784370667	1697784374178	OK	 
REQUEST		create user request	1697784372994	1697784374182	OK	 
REQUEST		create user request	1697784373765	1697784374187	OK	 
REQUEST		create user request	1697784370266	1697784374201	OK	 
REQUEST		create user request	1697784370869	1697784374212	OK	 
USER	Create User	START	1697784374264
REQUEST		Register User	1697784373891	1697784374267	OK	 
USER	Create User	END	1697784374268
REQUEST		create user request	1697784373864	1697784374289	OK	 
REQUEST		Register User	1697784373970	1697784374343	OK	 
USER	Create User	END	1697784374345
REQUEST		Register User	1697784373966	1697784374359	OK	 
USER	Create User	END	1697784374361
USER	Create User	START	1697784374365
REQUEST		create user request	1697784373965	1697784374380	OK	 
REQUEST		Register User	1697784373986	1697784374383	OK	 
USER	Create User	END	1697784374383
REQUEST		Register User	1697784374019	1697784374391	OK	 
USER	Create User	END	1697784374392
REQUEST		Register User	1697784374019	1697784374420	OK	 
USER	Create User	END	1697784374421
USER	Create User	START	1697784374465
REQUEST		create user request	1697784374065	1697784374495	OK	 
REQUEST		Register User	1697784374164	1697784374534	OK	 
USER	Create User	END	1697784374536
REQUEST		Register User	1697784374183	1697784374562	OK	 
REQUEST		Register User	1697784374188	1697784374562	OK	 
USER	Create User	END	1697784374564
USER	Create User	END	1697784374564
USER	Create User	START	1697784374564
REQUEST		Register User	1697784374179	1697784374568	OK	 
USER	Create User	END	1697784374570
REQUEST		create user request	1697784374164	1697784374578	OK	 
REQUEST		Register User	1697784374215	1697784374587	OK	 
USER	Create User	END	1697784374588
REQUEST		create user request	1697784373165	1697784374589	OK	 
REQUEST		Register User	1697784374202	1697784374600	OK	 
USER	Create User	END	1697784374602
REQUEST		Register User	1697784374291	1697784374662	OK	 
USER	Create User	END	1697784374665
USER	Create User	START	1697784374665
REQUEST		create user request	1697784374265	1697784374716	OK	 
REQUEST		Register User	1697784374382	1697784374747	OK	 
USER	Create User	END	1697784374749
USER	Create User	START	1697784374765
REQUEST		Register User	1697784374496	1697784374865	OK	 
USER	Create User	START	1697784374865
USER	Create User	END	1697784374868
REQUEST		create user request	1697784374365	1697784374923	OK	 
REQUEST		Register User	1697784374580	1697784374955	OK	 
REQUEST		Register User	1697784374591	1697784374956	OK	 
USER	Create User	END	1697784374956
USER	Create User	END	1697784374957
USER	Create User	START	1697784374965
REQUEST		create user request	1697784374565	1697784375016	OK	 
USER	Create User	START	1697784375064
REQUEST		Register User	1697784374717	1697784375089	OK	 
REQUEST		create user request	1697784374666	1697784375089	OK	 
USER	Create User	END	1697784375091
USER	Create User	START	1697784375165
REQUEST		create user request	1697784374766	1697784375216	OK	 
USER	Create User	START	1697784375265
REQUEST		create user request	1697784374866	1697784375285	OK	 
REQUEST		Register User	1697784374924	1697784375289	OK	 
USER	Create User	END	1697784375291
USER	Create User	START	1697784375365
REQUEST		create user request	1697784374966	1697784375401	OK	 
REQUEST		Register User	1697784375091	1697784375465	OK	 
USER	Create User	START	1697784375464
USER	Create User	END	1697784375468
USER	Create User	START	1697784375564
REQUEST		create user request	1697784375065	1697784375583	OK	 
REQUEST		Register User	1697784375217	1697784375593	OK	 
USER	Create User	END	1697784375594
REQUEST		create user request	1697784375165	1697784375606	OK	 
USER	Create User	START	1697784375665
REQUEST		Register User	1697784375287	1697784375667	OK	 
USER	Create User	END	1697784375668
USER	Create User	START	1697784375764
REQUEST		Register User	1697784375403	1697784375768	OK	 
USER	Create User	END	1697784375769
USER	Create User	START	1697784375864
REQUEST		create user request	1697784375465	1697784375903	OK	 
REQUEST		create user request	1697784374465	1697784375927	OK	 
USER	Create User	START	1697784375964
REQUEST		create user request	1697784375265	1697784375970	OK	 
REQUEST		Register User	1697784375607	1697784375981	OK	 
REQUEST		Register User	1697784375585	1697784375981	OK	 
USER	Create User	END	1697784375982
USER	Create User	END	1697784375982
REQUEST		create user request	1697784375565	1697784376005	OK	 
REQUEST		create user request	1697784375366	1697784376045	OK	 
USER	Create User	START	1697784376064
USER	Create User	START	1697784376164
USER	Create User	START	1697784376264
REQUEST		Register User	1697784375017	1697784376295	OK	 
USER	Create User	END	1697784376297
REQUEST		Register User	1697784375929	1697784376307	OK	 
USER	Create User	END	1697784376308
REQUEST		Register User	1697784375973	1697784376344	OK	 
USER	Create User	END	1697784376346
USER	Create User	START	1697784376363
REQUEST		Register User	1697784376008	1697784376380	OK	 
USER	Create User	END	1697784376381
REQUEST		create user request	1697784375965	1697784376429	OK	 
REQUEST		Register User	1697784376046	1697784376442	OK	 
USER	Create User	END	1697784376443
USER	Create User	START	1697784376463
REQUEST		Register User	1697784375904	1697784376508	OK	 
USER	Create User	END	1697784376508
USER	Create User	START	1697784376563
REQUEST		create user request	1697784375665	1697784376621	OK	 
USER	Create User	START	1697784376664
REQUEST		create user request	1697784376065	1697784376676	OK	 
REQUEST		create user request	1697784376165	1697784376743	OK	 
REQUEST		create user request	1697784376265	1697784376755	OK	 
USER	Create User	START	1697784376764
REQUEST		Register User	1697784376430	1697784376831	OK	 
USER	Create User	END	1697784376832
USER	Create User	START	1697784376865
REQUEST		create user request	1697784376464	1697784376900	OK	 
USER	Create User	START	1697784376964
REQUEST		Register User	1697784376622	1697784376997	OK	 
USER	Create User	END	1697784376998
REQUEST		Register User	1697784376677	1697784377053	OK	 
USER	Create User	END	1697784377055
USER	Create User	START	1697784377065
REQUEST		create user request	1697784376664	1697784377106	OK	 
REQUEST		Register User	1697784376756	1697784377137	OK	 
USER	Create User	END	1697784377139
USER	Create User	START	1697784377164
USER	Create User	START	1697784377264
REQUEST		create user request	1697784375765	1697784377275	OK	 
REQUEST		Register User	1697784376902	1697784377281	OK	 
USER	Create User	END	1697784377283
REQUEST		Register User	1697784376745	1697784377356	OK	 
USER	Create User	END	1697784377359
USER	Create User	START	1697784377363
REQUEST		create user request	1697784376965	1697784377400	OK	 
USER	Create User	START	1697784377464
REQUEST		create user request	1697784376765	1697784377490	OK	 
REQUEST		create user request	1697784377065	1697784377546	OK	 
USER	Create User	START	1697784377565
USER	Create User	START	1697784377665
REQUEST		Register User	1697784377276	1697784377672	OK	 
USER	Create User	END	1697784377674
REQUEST		create user request	1697784377264	1697784377688	OK	 
REQUEST		Register User	1697784377108	1697784377719	OK	 
USER	Create User	END	1697784377720
USER	Create User	START	1697784377765
REQUEST		Register User	1697784377402	1697784377774	OK	 
USER	Create User	END	1697784377776
REQUEST		create user request	1697784377364	1697784377787	OK	 
REQUEST		create user request	1697784376364	1697784377789	OK	 
REQUEST		create user request	1697784377165	1697784377812	OK	 
USER	Create User	START	1697784377865
REQUEST		Register User	1697784377491	1697784377874	OK	 
USER	Create User	END	1697784377875
REQUEST		create user request	1697784377465	1697784377916	OK	 
REQUEST		Register User	1697784377547	1697784377918	OK	 
USER	Create User	END	1697784377919
USER	Create User	START	1697784377965
REQUEST		create user request	1697784377566	1697784378001	OK	 
REQUEST		create user request	1697784376564	1697784378001	OK	 
REQUEST		Register User	1697784377690	1697784378058	OK	 
USER	Create User	END	1697784378060
USER	Create User	START	1697784378063
REQUEST		create user request	1697784377666	1697784378102	OK	 
REQUEST		Register User	1697784377791	1697784378165	OK	 
USER	Create User	START	1697784378164
USER	Create User	END	1697784378166
REQUEST		Register User	1697784377790	1697784378199	OK	 
REQUEST		create user request	1697784377766	1697784378199	OK	 
USER	Create User	END	1697784378201
REQUEST		Register User	1697784377814	1697784378217	OK	 
USER	Create User	END	1697784378219
USER	Create User	START	1697784378263
REQUEST		Register User	1697784377917	1697784378286	OK	 
USER	Create User	END	1697784378287
REQUEST		create user request	1697784376865	1697784378295	OK	 
REQUEST		create user request	1697784377865	1697784378309	OK	 
REQUEST		create user request	1697784375864	1697784378315	OK	 
USER	Create User	START	1697784378363
REQUEST		Register User	1697784378002	1697784378376	OK	 
USER	Create User	END	1697784378379
REQUEST		Register User	1697784378002	1697784378406	OK	 
USER	Create User	END	1697784378408
REQUEST		create user request	1697784377966	1697784378412	OK	 
USER	Create User	START	1697784378463
REQUEST		Register User	1697784378103	1697784378476	OK	 
USER	Create User	END	1697784378478
USER	Create User	START	1697784378563
REQUEST		Register User	1697784378201	1697784378573	OK	 
USER	Create User	END	1697784378575
REQUEST		create user request	1697784378165	1697784378607	OK	 
USER	Create User	START	1697784378664
REQUEST		Register User	1697784378296	1697784378669	OK	 
USER	Create User	END	1697784378670
REQUEST		create user request	1697784378263	1697784378686	OK	 
REQUEST		Register User	1697784378316	1697784378695	OK	 
USER	Create User	END	1697784378697
REQUEST		Register User	1697784378310	1697784378706	OK	 
USER	Create User	END	1697784378707
REQUEST		create user request	1697784378064	1697784378717	OK	 
USER	Create User	START	1697784378765
REQUEST		Register User	1697784378413	1697784378788	OK	 
USER	Create User	END	1697784378796
REQUEST		create user request	1697784378364	1697784378817	OK	 
USER	Create User	START	1697784378864
USER	Create User	START	1697784378964
REQUEST		Register User	1697784378609	1697784378995	OK	 
USER	Create User	END	1697784378996
REQUEST		create user request	1697784378564	1697784379006	OK	 
USER	Create User	START	1697784379064
REQUEST		Register User	1697784378688	1697784379095	OK	 
REQUEST		Register User	1697784378718	1697784379095	OK	 
REQUEST		create user request	1697784378664	1697784379095	OK	 
USER	Create User	END	1697784379097
USER	Create User	END	1697784379097
USER	Create User	START	1697784379163
REQUEST		Register User	1697784378818	1697784379186	OK	 
USER	Create User	END	1697784379187
USER	Create User	START	1697784379264
REQUEST		create user request	1697784378766	1697784379268	OK	 
USER	Create User	START	1697784379364
REQUEST		create user request	1697784378964	1697784379391	OK	 
USER	Create User	START	1697784379464
REQUEST		Register User	1697784379097	1697784379469	OK	 
USER	Create User	END	1697784379471
REQUEST		create user request	1697784379065	1697784379502	OK	 
USER	Create User	START	1697784379565
REQUEST		create user request	1697784379164	1697784379591	OK	 
REQUEST		Register User	1697784379007	1697784379604	OK	 
USER	Create User	END	1697784379605
REQUEST		Register User	1697784379270	1697784379639	OK	 
USER	Create User	END	1697784379640
USER	Create User	START	1697784379665
REQUEST		create user request	1697784379264	1697784379703	OK	 
REQUEST		Register User	1697784379394	1697784379763	OK	 
USER	Create User	END	1697784379765
USER	Create User	START	1697784379764
REQUEST		create user request	1697784379364	1697784379789	OK	 
USER	Create User	START	1697784379865
REQUEST		Register User	1697784379503	1697784379869	OK	 
USER	Create User	END	1697784379870
REQUEST		create user request	1697784379465	1697784379892	OK	 
REQUEST		create user request	1697784378464	1697784379893	OK	 
REQUEST		Register User	1697784379592	1697784379963	OK	 
USER	Create User	END	1697784379964
REQUEST		create user request	1697784379565	1697784380019	OK	 
REQUEST		Register User	1697784379704	1697784380076	OK	 
USER	Create User	END	1697784380078
REQUEST		create user request	1697784379665	1697784380118	OK	 
REQUEST		Register User	1697784379790	1697784380166	OK	 
USER	Create User	END	1697784380167
REQUEST		create user request	1697784379765	1697784380222	OK	 
REQUEST		Register User	1697784379894	1697784380322	OK	 
REQUEST		Register User	1697784379894	1697784380322	OK	 
REQUEST		create user request	1697784379866	1697784380322	OK	 
USER	Create User	END	1697784380324
USER	Create User	END	1697784380324
REQUEST		create user request	1697784378864	1697784380323	OK	 
REQUEST		Register User	1697784380021	1697784380412	OK	 
USER	Create User	END	1697784380414
REQUEST		Register User	1697784380120	1697784380496	OK	 
USER	Create User	END	1697784380498
REQUEST		Register User	1697784380224	1697784380615	OK	 
USER	Create User	END	1697784380617
REQUEST		Register User	1697784380325	1697784380694	OK	 
USER	Create User	END	1697784380695
REQUEST		Register User	1697784380323	1697784380728	OK	 
USER	Create User	END	1697784380729
