RUN	com.gatling.test.api.PostPutDeleteAPI	postputdeleteapi	1697784168427	 	3.6.1
USER	Create User	START	1697784172799
USER	Create User	START	1697784172398
USER	Create User	START	1697784172096
USER	Create User	START	1697784171997
USER	Create User	START	1697784172598
USER	Create User	START	1697784171796
USER	Create User	START	1697784171896
USER	Create User	START	1697784172999
USER	Create User	START	1697784172900
USER	Create User	START	1697784172198
USER	Create User	START	1697784172698
USER	Create User	START	1697784172498
USER	Create User	START	1697784172298
USER	Create User	START	1697784171706
USER	Create User	START	1697784173099
USER	Create User	START	1697784174727
USER	Create User	START	1697784174727
USER	Create User	START	1697784174727
USER	Create User	START	1697784174728
USER	Create User	START	1697784174728
USER	Create User	START	1697784174727
USER	Create User	START	1697784174726
USER	Create User	START	1697784174727
USER	Create User	START	1697784174726
USER	Create User	START	1697784174727
USER	Create User	START	1697784174726
USER	Create User	START	1697784174727
USER	Create User	START	1697784174731
USER	Create User	START	1697784174732
USER	Create User	START	1697784174731
USER	Create User	START	1697784174731
USER	Create User	START	1697784175054
USER	Create User	START	1697784175054
USER	Create User	START	1697784175060
USER	Create User	START	1697784175093
USER	Create User	START	1697784175194
USER	Create User	START	1697784175293
USER	Create User	START	1697784175393
USER	Create User	START	1697784175493
REQUEST		create user request	1697784174732	1697784175511	OK	 
REQUEST		create user request	1697784172298	1697784175511	OK	 
REQUEST		create user request	1697784172699	1697784175511	OK	 
REQUEST		create user request	1697784174727	1697784175516	OK	 
REQUEST		create user request	1697784174728	1697784175511	OK	 
REQUEST		create user request	1697784174729	1697784175521	OK	 
REQUEST		create user request	1697784173000	1697784175511	OK	 
REQUEST		create user request	1697784174732	1697784175511	OK	 
REQUEST		create user request	1697784174728	1697784175511	OK	 
REQUEST		create user request	1697784174727	1697784175511	OK	 
REQUEST		create user request	1697784174727	1697784175511	OK	 
REQUEST		create user request	1697784174728	1697784175515	OK	 
REQUEST		create user request	1697784172097	1697784175538	OK	 
REQUEST		create user request	1697784174728	1697784175511	OK	 
REQUEST		create user request	1697784174732	1697784175511	OK	 
REQUEST		create user request	1697784174727	1697784175654	OK	 
REQUEST		create user request	1697784172800	1697784175655	OK	 
REQUEST		create user request	1697784174727	1697784175655	OK	 
USER	Create User	START	1697784175655
REQUEST		create user request	1697784174732	1697784175656	OK	 
REQUEST		create user request	1697784172598	1697784175657	OK	 
REQUEST		create user request	1697784172398	1697784175657	OK	 
REQUEST		create user request	1697784175054	1697784175656	OK	 
REQUEST		create user request	1697784172198	1697784175511	OK	 
REQUEST		create user request	1697784174727	1697784175659	OK	 
REQUEST		create user request	1697784171732	1697784175660	OK	 
REQUEST		create user request	1697784174729	1697784175661	OK	 
REQUEST		create user request	1697784171997	1697784175662	OK	 
REQUEST		create user request	1697784172498	1697784175663	OK	 
REQUEST		create user request	1697784171798	1697784175662	OK	 
REQUEST		create user request	1697784171898	1697784175666	OK	 
REQUEST		create user request	1697784175194	1697784175666	OK	 
REQUEST		create user request	1697784175055	1697784175667	OK	 
REQUEST		create user request	1697784173101	1697784175669	OK	 
REQUEST		create user request	1697784175060	1697784175670	OK	 
REQUEST		create user request	1697784172901	1697784175670	OK	 
REQUEST		create user request	1697784175094	1697784175674	OK	 
USER	Create User	START	1697784175693
REQUEST		create user request	1697784175294	1697784175712	OK	 
USER	Create User	START	1697784175793
REQUEST		create user request	1697784175393	1697784175832	OK	 
USER	Create User	START	1697784175894
USER	Create User	START	1697784175992
REQUEST		Register User	1697784175649	1697784176021	KO	status.find.is(200), but actually found 201
REQUEST		Register User	1697784175658	1697784176023	KO	status.find.is(200), but actually found 201
REQUEST		Register User	1697784175653	1697784176025	KO	status.find.is(200), but actually found 201
REQUEST		Register User	1697784175666	1697784176038	KO	status.find.is(200), but actually found 201
REQUEST		Register User	1697784175649	1697784176019	KO	status.find.is(200), but actually found 201
REQUEST		Register User	1697784175672	1697784176038	KO	status.find.is(200), but actually found 201
REQUEST		Register User	1697784175662	1697784176032	KO	status.find.is(200), but actually found 201
REQUEST		Register User	1697784175665	1697784176034	KO	status.find.is(200), but actually found 201
REQUEST		Register User	1697784175658	1697784176039	KO	status.find.is(200), but actually found 201
REQUEST		Register User	1697784175661	1697784176038	KO	status.find.is(200), but actually found 201
REQUEST		Register User	1697784175657	1697784176032	KO	status.find.is(200), but actually found 201
REQUEST		Register User	1697784175667	1697784176038	KO	status.find.is(200), but actually found 201
REQUEST		Register User	1697784175649	1697784176019	KO	status.find.is(200), but actually found 201
REQUEST		Register User	1697784175660	1697784176032	KO	status.find.is(200), but actually found 201
REQUEST		Register User	1697784175651	1697784176025	KO	status.find.is(200), but actually found 201
REQUEST		Register User	1697784175672	1697784176044	KO	status.find.is(200), but actually found 201
USER	Create User	END	1697784176045
USER	Create User	END	1697784176045
USER	Create User	END	1697784176045
USER	Create User	END	1697784176045
USER	Create User	END	1697784176045
USER	Create User	END	1697784176045
USER	Create User	END	1697784176045
USER	Create User	END	1697784176046
USER	Create User	END	1697784176046
USER	Create User	END	1697784176046
USER	Create User	END	1697784176046
REQUEST		Register User	1697784175672	1697784176047	KO	status.find.is(200), but actually found 201
REQUEST		Register User	1697784175655	1697784176047	KO	status.find.is(200), but actually found 201
REQUEST		Register User	1697784175660	1697784176047	KO	status.find.is(200), but actually found 201
USER	Create User	END	1697784176046
USER	Create User	END	1697784176046
USER	Create User	END	1697784176046
REQUEST		Register User	1697784175653	1697784176049	KO	status.find.is(200), but actually found 201
REQUEST		Register User	1697784175669	1697784176047	KO	status.find.is(200), but actually found 201
USER	Create User	END	1697784176047
USER	Create User	END	1697784176048
USER	Create User	END	1697784176048
USER	Create User	END	1697784176048
REQUEST		Register User	1697784175650	1697784176050	KO	status.find.is(200), but actually found 201
USER	Create User	END	1697784176049
USER	Create User	END	1697784176051
USER	Create User	END	1697784176051
USER	Create User	END	1697784176051
REQUEST		Register User	1697784175672	1697784176049	KO	status.find.is(200), but actually found 201
REQUEST		Register User	1697784175664	1697784176049	KO	status.find.is(200), but actually found 201
REQUEST		Register User	1697784175648	1697784176051	KO	status.find.is(200), but actually found 201
USER	Create User	END	1697784176053
REQUEST		Register User	1697784175658	1697784176052	KO	status.find.is(200), but actually found 201
REQUEST		Register User	1697784175650	1697784176052	KO	status.find.is(200), but actually found 201
USER	Create User	END	1697784176053
USER	Create User	END	1697784176053
USER	Create User	END	1697784176054
USER	Create User	END	1697784176054
REQUEST		Register User	1697784175668	1697784176053	KO	status.find.is(200), but actually found 201
REQUEST		Register User	1697784175659	1697784176054	KO	status.find.is(200), but actually found 201
USER	Create User	END	1697784176055
USER	Create User	END	1697784176055
REQUEST		Register User	1697784175676	1697784176056	KO	status.find.is(200), but actually found 201
USER	Create User	END	1697784176057
REQUEST		Register User	1697784175656	1697784176058	KO	status.find.is(200), but actually found 201
REQUEST		Register User	1697784175664	1697784176058	KO	status.find.is(200), but actually found 201
USER	Create User	END	1697784176059
USER	Create User	END	1697784176059
REQUEST		create user request	1697784175494	1697784176060	OK	 
REQUEST		Register User	1697784175660	1697784176061	KO	status.find.is(200), but actually found 201
USER	Create User	END	1697784176062
REQUEST		Register User	1697784175650	1697784176063	KO	status.find.is(200), but actually found 201
USER	Create User	END	1697784176064
REQUEST		Register User	1697784175649	1697784176067	KO	status.find.is(200), but actually found 201
REQUEST		Register User	1697784175672	1697784176067	KO	status.find.is(200), but actually found 201
USER	Create User	END	1697784176068
USER	Create User	END	1697784176068
REQUEST		create user request	1697784175655	1697784176079	OK	 
REQUEST		Register User	1697784175713	1697784176079	KO	status.find.is(200), but actually found 201
USER	Create User	END	1697784176080
USER	Create User	START	1697784176093
REQUEST		create user request	1697784175693	1697784176116	OK	 
USER	Create User	START	1697784176193
REQUEST		Register User	1697784175834	1697784176202	KO	status.find.is(200), but actually found 201
USER	Create User	END	1697784176203
REQUEST		create user request	1697784175794	1697784176241	OK	 
USER	Create User	START	1697784176294
REQUEST		create user request	1697784175894	1697784176324	OK	 
USER	Create User	START	1697784176394
REQUEST		Register User	1697784176061	1697784176429	KO	status.find.is(200), but actually found 201
USER	Create User	END	1697784176430
REQUEST		create user request	1697784175992	1697784176442	OK	 
REQUEST		Register User	1697784176080	1697784176478	KO	status.find.is(200), but actually found 201
USER	Create User	END	1697784176480
USER	Create User	START	1697784176494
REQUEST		Register User	1697784176118	1697784176509	KO	status.find.is(200), but actually found 201
REQUEST		create user request	1697784176094	1697784176511	OK	 
USER	Create User	END	1697784176512
USER	Create User	START	1697784176593
REQUEST		create user request	1697784176193	1697784176630	OK	 
REQUEST		Register User	1697784176242	1697784176655	KO	status.find.is(200), but actually found 201
USER	Create User	END	1697784176657
USER	Create User	START	1697784176694
REQUEST		Register User	1697784176325	1697784176722	KO	status.find.is(200), but actually found 201
USER	Create User	END	1697784176723
REQUEST		create user request	1697784176294	1697784176740	OK	 
USER	Create User	START	1697784176793
REQUEST		Register User	1697784176443	1697784176809	KO	status.find.is(200), but actually found 201
REQUEST		create user request	1697784176394	1697784176810	OK	 
USER	Create User	END	1697784176812
REQUEST		Register User	1697784176513	1697784176884	KO	status.find.is(200), but actually found 201
USER	Create User	END	1697784176886
USER	Create User	START	1697784176893
REQUEST		create user request	1697784176495	1697784176934	OK	 
USER	Create User	START	1697784176993
REQUEST		Register User	1697784176631	1697784176997	KO	status.find.is(200), but actually found 201
USER	Create User	END	1697784176998
REQUEST		create user request	1697784176594	1697784177015	OK	 
USER	Create User	START	1697784177093
REQUEST		create user request	1697784176695	1697784177130	OK	 
REQUEST		Register User	1697784176742	1697784177140	KO	status.find.is(200), but actually found 201
USER	Create User	END	1697784177142
REQUEST		Register User	1697784176812	1697784177181	KO	status.find.is(200), but actually found 201
USER	Create User	END	1697784177183
USER	Create User	START	1697784177193
REQUEST		create user request	1697784176794	1697784177235	OK	 
USER	Create User	START	1697784177294
REQUEST		Register User	1697784176935	1697784177309	KO	status.find.is(200), but actually found 201
USER	Create User	END	1697784177310
REQUEST		create user request	1697784176894	1697784177311	OK	 
REQUEST		Register User	1697784177016	1697784177384	KO	status.find.is(200), but actually found 201
USER	Create User	END	1697784177386
USER	Create User	START	1697784177393
REQUEST		create user request	1697784176993	1697784177417	OK	 
USER	Create User	START	1697784177494
REQUEST		Register User	1697784177132	1697784177499	KO	status.find.is(200), but actually found 201
USER	Create User	END	1697784177502
REQUEST		create user request	1697784177093	1697784177508	OK	 
USER	Create User	START	1697784177594
REQUEST		Register User	1697784177237	1697784177606	KO	status.find.is(200), but actually found 201
USER	Create User	END	1697784177609
REQUEST		create user request	1697784177194	1697784177624	OK	 
REQUEST		Register User	1697784177311	1697784177677	KO	status.find.is(200), but actually found 201
USER	Create User	END	1697784177679
USER	Create User	START	1697784177693
REQUEST		create user request	1697784177294	1697784177704	OK	 
REQUEST		Register User	1697784177418	1697784177781	KO	status.find.is(200), but actually found 201
USER	Create User	END	1697784177784
USER	Create User	START	1697784177793
REQUEST		create user request	1697784177393	1697784177813	OK	 
REQUEST		Register User	1697784177509	1697784177877	KO	status.find.is(200), but actually found 201
USER	Create User	END	1697784177878
USER	Create User	START	1697784177893
REQUEST		create user request	1697784177494	1697784177939	OK	 
REQUEST		Register User	1697784177626	1697784177993	KO	status.find.is(200), but actually found 201
USER	Create User	START	1697784177993
USER	Create User	END	1697784177996
REQUEST		create user request	1697784177594	1697784178030	OK	 
REQUEST		Register User	1697784177705	1697784178073	KO	status.find.is(200), but actually found 201
USER	Create User	END	1697784178074
USER	Create User	START	1697784178093
REQUEST		create user request	1697784177694	1697784178144	OK	 
REQUEST		Register User	1697784177814	1697784178187	KO	status.find.is(200), but actually found 201
USER	Create User	END	1697784178188
USER	Create User	START	1697784178194
REQUEST		create user request	1697784177794	1697784178214	OK	 
USER	Create User	START	1697784178292
REQUEST		Register User	1697784177940	1697784178310	KO	status.find.is(200), but actually found 201
REQUEST		create user request	1697784177894	1697784178310	OK	 
USER	Create User	END	1697784178311
USER	Create User	START	1697784178393
REQUEST		Register User	1697784178031	1697784178416	KO	status.find.is(200), but actually found 201
USER	Create User	END	1697784178420
REQUEST		create user request	1697784177994	1697784178448	OK	 
USER	Create User	START	1697784178495
REQUEST		Register User	1697784178146	1697784178518	KO	status.find.is(200), but actually found 201
USER	Create User	END	1697784178519
REQUEST		create user request	1697784178093	1697784178542	OK	 
USER	Create User	START	1697784178593
REQUEST		Register User	1697784178215	1697784178612	KO	status.find.is(200), but actually found 201
USER	Create User	END	1697784178614
REQUEST		create user request	1697784178194	1697784178642	OK	 
REQUEST		Register User	1697784178311	1697784178682	KO	status.find.is(200), but actually found 201
USER	Create User	END	1697784178686
USER	Create User	START	1697784178694
REQUEST		create user request	1697784178293	1697784178707	OK	 
USER	Create User	START	1697784178792
REQUEST		create user request	1697784178394	1697784178813	OK	 
REQUEST		Register User	1697784178451	1697784178844	KO	status.find.is(200), but actually found 201
USER	Create User	END	1697784178845
USER	Create User	START	1697784178892
REQUEST		Register User	1697784178543	1697784178917	KO	status.find.is(200), but actually found 201
USER	Create User	END	1697784178919
REQUEST		create user request	1697784178495	1697784178930	OK	 
USER	Create User	START	1697784178993
REQUEST		Register User	1697784178644	1697784179009	KO	status.find.is(200), but actually found 201
USER	Create User	END	1697784179010
REQUEST		create user request	1697784178594	1697784179035	OK	 
REQUEST		Register User	1697784178709	1697784179087	KO	status.find.is(200), but actually found 201
USER	Create User	END	1697784179088
USER	Create User	START	1697784179093
REQUEST		create user request	1697784178695	1697784179142	OK	 
USER	Create User	START	1697784179193
REQUEST		Register User	1697784178814	1697784179209	KO	status.find.is(200), but actually found 201
USER	Create User	END	1697784179211
REQUEST		create user request	1697784178793	1697784179221	OK	 
USER	Create User	START	1697784179293
REQUEST		Register User	1697784178932	1697784179298	KO	status.find.is(200), but actually found 201
USER	Create User	END	1697784179301
REQUEST		create user request	1697784178893	1697784179337	OK	 
USER	Create User	START	1697784179393
REQUEST		create user request	1697784178993	1697784179405	OK	 
REQUEST		Register User	1697784179036	1697784179432	KO	status.find.is(200), but actually found 201
USER	Create User	END	1697784179433
USER	Create User	START	1697784179493
REQUEST		create user request	1697784179093	1697784179505	OK	 
REQUEST		Register User	1697784179144	1697784179540	KO	status.find.is(200), but actually found 201
USER	Create User	END	1697784179542
REQUEST		Register User	1697784179221	1697784179586	KO	status.find.is(200), but actually found 201
USER	Create User	END	1697784179588
USER	Create User	START	1697784179593
REQUEST		create user request	1697784179193	1697784179617	OK	 
USER	Create User	START	1697784179694
REQUEST		create user request	1697784179294	1697784179723	OK	 
REQUEST		Register User	1697784179338	1697784179738	KO	status.find.is(200), but actually found 201
USER	Create User	END	1697784179740
REQUEST		Register User	1697784179406	1697784179769	KO	status.find.is(200), but actually found 201
USER	Create User	END	1697784179771
USER	Create User	START	1697784179793
REQUEST		create user request	1697784179394	1697784179847	OK	 
REQUEST		Register User	1697784179506	1697784179874	KO	status.find.is(200), but actually found 201
USER	Create User	END	1697784179876
USER	Create User	START	1697784179894
REQUEST		create user request	1697784179495	1697784179917	OK	 
REQUEST		Register User	1697784179619	1697784179986	KO	status.find.is(200), but actually found 201
USER	Create User	END	1697784179987
USER	Create User	START	1697784179993
REQUEST		create user request	1697784179594	1697784180012	OK	 
USER	Create User	START	1697784180094
REQUEST		Register User	1697784179724	1697784180119	KO	status.find.is(200), but actually found 201
USER	Create User	END	1697784180121
REQUEST		create user request	1697784179695	1697784180154	OK	 
USER	Create User	START	1697784180194
REQUEST		create user request	1697784179794	1697784180215	OK	 
REQUEST		Register User	1697784179850	1697784180253	KO	status.find.is(200), but actually found 201
USER	Create User	END	1697784180254
REQUEST		Register User	1697784179919	1697784180293	KO	status.find.is(200), but actually found 201
USER	Create User	START	1697784180293
USER	Create User	END	1697784180294
REQUEST		create user request	1697784179894	1697784180320	OK	 
USER	Create User	START	1697784180394
REQUEST		Register User	1697784180013	1697784180406	KO	status.find.is(200), but actually found 201
USER	Create User	END	1697784180407
REQUEST		create user request	1697784179994	1697784180411	OK	 
USER	Create User	START	1697784180493
REQUEST		create user request	1697784180094	1697784180524	OK	 
REQUEST		Register User	1697784180156	1697784180524	KO	status.find.is(200), but actually found 201
USER	Create User	END	1697784180525
REQUEST		Register User	1697784180217	1697784180591	KO	status.find.is(200), but actually found 201
USER	Create User	END	1697784180593
USER	Create User	START	1697784180593
REQUEST		create user request	1697784180194	1697784180640	OK	 
REQUEST		Register User	1697784180321	1697784180686	KO	status.find.is(200), but actually found 201
USER	Create User	END	1697784180688
USER	Create User	START	1697784180694
REQUEST		create user request	1697784180293	1697784180722	OK	 
REQUEST		Register User	1697784180412	1697784180785	KO	status.find.is(200), but actually found 201
USER	Create User	END	1697784180788
USER	Create User	START	1697784180793
REQUEST		create user request	1697784180394	1697784180808	OK	 
USER	Create User	START	1697784180892
REQUEST		create user request	1697784180494	1697784180899	OK	 
REQUEST		Register User	1697784180525	1697784180925	KO	status.find.is(200), but actually found 201
USER	Create User	END	1697784180927
USER	Create User	START	1697784180993
REQUEST		Register User	1697784180642	1697784181010	KO	status.find.is(200), but actually found 201
USER	Create User	END	1697784181011
REQUEST		create user request	1697784180593	1697784181053	OK	 
USER	Create User	START	1697784181092
REQUEST		Register User	1697784180724	1697784181102	KO	status.find.is(200), but actually found 201
USER	Create User	END	1697784181105
REQUEST		create user request	1697784180695	1697784181141	OK	 
REQUEST		Register User	1697784180809	1697784181175	KO	status.find.is(200), but actually found 201
USER	Create User	END	1697784181177
USER	Create User	START	1697784181193
REQUEST		create user request	1697784180793	1697784181205	OK	 
REQUEST		Register User	1697784180900	1697784181275	KO	status.find.is(200), but actually found 201
USER	Create User	END	1697784181276
USER	Create User	START	1697784181292
REQUEST		create user request	1697784180893	1697784181344	OK	 
USER	Create User	START	1697784181393
REQUEST		create user request	1697784180993	1697784181403	OK	 
REQUEST		Register User	1697784181054	1697784181422	KO	status.find.is(200), but actually found 201
USER	Create User	END	1697784181423
USER	Create User	START	1697784181492
REQUEST		Register User	1697784181141	1697784181507	KO	status.find.is(200), but actually found 201
USER	Create User	END	1697784181508
REQUEST		create user request	1697784181092	1697784181508	OK	 
REQUEST		Register User	1697784181206	1697784181577	KO	status.find.is(200), but actually found 201
USER	Create User	END	1697784181580
USER	Create User	START	1697784181593
REQUEST		create user request	1697784181193	1697784181607	OK	 
REQUEST		create user request	1697784181292	1697784181706	OK	 
REQUEST		Register User	1697784181345	1697784181712	KO	status.find.is(200), but actually found 201
USER	Create User	END	1697784181713
REQUEST		Register User	1697784181404	1697784181773	KO	status.find.is(200), but actually found 201
USER	Create User	END	1697784181775
REQUEST		create user request	1697784181393	1697784181827	OK	 
REQUEST		Register User	1697784181509	1697784181910	KO	status.find.is(200), but actually found 201
USER	Create User	END	1697784181911
REQUEST		create user request	1697784181493	1697784181953	OK	 
REQUEST		Register User	1697784181609	1697784181978	KO	status.find.is(200), but actually found 201
USER	Create User	END	1697784181980
REQUEST		create user request	1697784181594	1697784182031	OK	 
REQUEST		Register User	1697784181706	1697784182071	KO	status.find.is(200), but actually found 201
USER	Create User	END	1697784182073
REQUEST		Register User	1697784181829	1697784182201	KO	status.find.is(200), but actually found 201
USER	Create User	END	1697784182203
REQUEST		Register User	1697784181955	1697784182353	KO	status.find.is(200), but actually found 201
USER	Create User	END	1697784182355
REQUEST		Register User	1697784182032	1697784182426	KO	status.find.is(200), but actually found 201
USER	Create User	END	1697784182428
