RUN	com.gatling.test.api.PostPutDeleteAPI	postputdeleteapi	1698030992607	 	3.6.1
USER	Create User	START	1698030998990
USER	Create User	START	1698030997990
USER	Create User	START	1698030997001
REQUEST		create user request	1698030998991	1698030999857	OK	 
USER	Create User	START	1698030999986
REQUEST		create user request	1698030999986	1698031000461	OK	 
REQUEST		Register User	1698030999909	1698031000567	KO	jsonPath($.name).find.is(morpheus), but actually found nothing
REQUEST		create user request	1698030997031	1698031000825	OK	 
REQUEST		create user request	1698030997991	1698031000825	OK	 
USER	Create User	START	1698031000986
REQUEST		Register User	1698031000464	1698031001120	KO	jsonPath($.name).find.is(morpheus), but actually found nothing
REQUEST		Update User	1698031000586	1698031001235	OK	 
REQUEST		Register User	1698031000828	1698031001502	KO	jsonPath($.name).find.is(morpheus), but actually found nothing
REQUEST		Register User	1698031000828	1698031001502	KO	jsonPath($.name).find.is(morpheus), but actually found nothing
REQUEST		Update User	1698031001121	1698031001589	OK	 
REQUEST		Delete User	1698031001237	1698031001675	OK	 
USER	Create User	END	1698031001683
REQUEST		Update User	1698031001503	1698031001946	OK	 
REQUEST		Update User	1698031001503	1698031001946	OK	 
USER	Create User	START	1698031001985
REQUEST		Delete User	1698031001589	1698031001999	OK	 
USER	Create User	END	1698031002000
REQUEST		Delete User	1698031001947	1698031002346	OK	 
USER	Create User	END	1698031002348
REQUEST		Delete User	1698031001947	1698031002610	OK	 
USER	Create User	END	1698031002612
USER	Create User	START	1698031002985
USER	Create User	START	1698031003985
REQUEST		create user request	1698031000987	1698031004546	OK	 
USER	Create User	START	1698031004985
REQUEST		create user request	1698031001986	1698031005476	OK	 
REQUEST		Register User	1698031004548	1698031005476	KO	jsonPath($.name).find.is(morpheus), but actually found nothing
REQUEST		create user request	1698031004986	1698031005516	OK	 
REQUEST		create user request	1698031003986	1698031005567	OK	 
REQUEST		create user request	1698031002985	1698031005594	OK	 
REQUEST		Register User	1698031005477	1698031005890	KO	jsonPath($.name).find.is(morpheus), but actually found nothing
REQUEST		Register User	1698031005518	1698031005941	KO	jsonPath($.name).find.is(morpheus), but actually found nothing
USER	Create User	START	1698031005985
REQUEST		Register User	1698031005595	1698031006029	KO	jsonPath($.name).find.is(morpheus), but actually found nothing
REQUEST		Update User	1698031005478	1698031006156	OK	 
REQUEST		Register User	1698031005568	1698031006241	KO	jsonPath($.name).find.is(morpheus), but actually found nothing
REQUEST		Update User	1698031005891	1698031006338	OK	 
REQUEST		Update User	1698031006031	1698031006469	OK	 
REQUEST		Delete User	1698031006157	1698031006590	OK	 
USER	Create User	END	1698031006592
REQUEST		Update User	1698031005943	1698031006611	OK	 
REQUEST		Update User	1698031006242	1698031006661	OK	 
REQUEST		Delete User	1698031006339	1698031006737	OK	 
USER	Create User	END	1698031006740
REQUEST		Delete User	1698031006612	1698031007041	OK	 
REQUEST		create user request	1698031005986	1698031007041	OK	 
USER	Create User	END	1698031007043
REQUEST		Delete User	1698031006663	1698031007087	OK	 
USER	Create User	END	1698031007088
REQUEST		Delete User	1698031006471	1698031007372	OK	 
USER	Create User	END	1698031007373
REQUEST		Register User	1698031007043	1698031007442	KO	jsonPath($.name).find.is(morpheus), but actually found nothing
REQUEST		Update User	1698031007443	1698031007847	OK	 
REQUEST		Delete User	1698031007847	1698031008245	OK	 
USER	Create User	END	1698031008247
