RUN	com.gatling.test.api.PostPutDeleteAPI	postputdeleteapi	1698203257797	 	3.6.1
USER	Create User	START	1698203261953
USER	Create User	START	1698203263948
USER	Create User	START	1698203262954
USER	Create User	START	1698203260968
REQUEST		create user request	1698203263949	1698203264653	OK	 
REQUEST		create user request	1698203262956	1698203264636	OK	 
REQUEST		create user request	1698203261954	1698203264625	OK	 
REQUEST		create user request	1698203261005	1698203264623	OK	 
USER	Create User	START	1698203264949
REQUEST		Register User	1698203264688	1698203265229	OK	 
REQUEST		Register User	1698203264688	1698203265233	OK	 
REQUEST		Register User	1698203264688	1698203265235	OK	 
REQUEST		Register User	1698203264688	1698203265241	OK	 
REQUEST		create user request	1698203264950	1698203265597	OK	 
REQUEST		Update User	1698203265235	1698203265768	OK	 
REQUEST		Update User	1698203265230	1698203265795	OK	 
REQUEST		Update User	1698203265236	1698203265797	OK	 
REQUEST		Update User	1698203265242	1698203265804	OK	 
USER	Create User	START	1698203265948
REQUEST		Register User	1698203265598	1698203266173	OK	 
REQUEST		Delete User	1698203265797	1698203266360	OK	 
USER	Create User	END	1698203266366
REQUEST		Delete User	1698203265770	1698203266370	OK	 
USER	Create User	END	1698203266373
REQUEST		Delete User	1698203265805	1698203266373	OK	 
USER	Create User	END	1698203266374
REQUEST		Delete User	1698203265798	1698203266391	OK	 
USER	Create User	END	1698203266392
REQUEST		create user request	1698203265949	1698203266583	OK	 
REQUEST		Update User	1698203266174	1698203266765	OK	 
USER	Create User	START	1698203266948
REQUEST		Register User	1698203266584	1698203267174	OK	 
REQUEST		Delete User	1698203266767	1698203267306	OK	 
USER	Create User	END	1698203267308
REQUEST		create user request	1698203266949	1698203267550	OK	 
REQUEST		Update User	1698203267175	1698203267714	OK	 
USER	Create User	START	1698203267949
REQUEST		Register User	1698203267551	1698203268072	OK	 
REQUEST		Delete User	1698203267715	1698203268254	OK	 
USER	Create User	END	1698203268259
REQUEST		create user request	1698203267950	1698203268602	OK	 
REQUEST		Update User	1698203268073	1698203268641	OK	 
USER	Create User	START	1698203268948
REQUEST		Register User	1698203268603	1698203269137	OK	 
REQUEST		Delete User	1698203268642	1698203269206	OK	 
USER	Create User	END	1698203269208
REQUEST		create user request	1698203268949	1698203269575	OK	 
REQUEST		Update User	1698203269138	1698203269701	OK	 
USER	Create User	START	1698203269948
REQUEST		Register User	1698203269577	1698203270139	OK	 
REQUEST		Delete User	1698203269702	1698203270249	OK	 
USER	Create User	END	1698203270251
REQUEST		create user request	1698203269949	1698203270649	OK	 
REQUEST		Update User	1698203270141	1698203270738	OK	 
REQUEST		Register User	1698203270651	1698203271264	OK	 
REQUEST		Delete User	1698203270739	1698203271307	OK	 
USER	Create User	END	1698203271309
REQUEST		Update User	1698203271265	1698203271794	OK	 
REQUEST		Delete User	1698203271795	1698203272354	OK	 
USER	Create User	END	1698203272355
