RUN	com.gatling.test.api.PostPutDeleteAPI	postputdeleteapi	1698033010904	 	3.6.1
USER	Create User	START	1698033017313
USER	Create User	START	1698033018300
REQUEST		create user request	1698033017350	1698033018997	OK	 
REQUEST		create user request	1698033018300	1698033019096	OK	 
USER	Create User	START	1698033019300
REQUEST		Register User	1698033019076	1698033019711	OK	 
REQUEST		Update User	1698033019712	1698033020170	OK	 
REQUEST		create user request	1698033019301	1698033020225	OK	 
USER	Create User	START	1698033020293
REQUEST		Delete User	1698033020172	1698033020603	OK	 
USER	Create User	END	1698033020610
REQUEST		Register User	1698033020226	1698033020655	OK	 
REQUEST		Update User	1698033020656	1698033021084	OK	 
USER	Create User	START	1698033021292
REQUEST		create user request	1698033020294	1698033021364	OK	 
REQUEST		Register User	1698033019097	1698033021452	OK	 
REQUEST		Register User	1698033021365	1698033021797	OK	 
REQUEST		Update User	1698033021453	1698033021880	OK	 
REQUEST		create user request	1698033021293	1698033022003	OK	 
REQUEST		Delete User	1698033021881	1698033022279	OK	 
USER	Create User	END	1698033022280
USER	Create User	START	1698033022293
REQUEST		Register User	1698033022004	1698033022412	OK	 
REQUEST		Update User	1698033021798	1698033022469	OK	 
REQUEST		Update User	1698033022413	1698033022844	OK	 
REQUEST		Delete User	1698033022471	1698033022864	OK	 
USER	Create User	END	1698033022866
USER	Create User	START	1698033023292
REQUEST		Delete User	1698033022846	1698033023476	OK	 
USER	Create User	END	1698033023478
REQUEST		create user request	1698033022293	1698033023542	OK	 
REQUEST		Delete User	1698033021084	1698033023618	OK	 
USER	Create User	END	1698033023620
REQUEST		Register User	1698033023545	1698033023989	OK	 
USER	Create User	START	1698033024293
REQUEST		Update User	1698033023991	1698033024654	OK	 
USER	Create User	START	1698033025294
REQUEST		Delete User	1698033024655	1698033025758	OK	 
USER	Create User	END	1698033025759
REQUEST		create user request	1698033023292	1698033026054	OK	 
REQUEST		create user request	1698033025295	1698033026054	OK	 
USER	Create User	START	1698033026293
REQUEST		Register User	1698033026057	1698033026704	OK	 
REQUEST		Register User	1698033026057	1698033027154	OK	 
REQUEST		Update User	1698033026705	1698033027353	OK	 
REQUEST		create user request	1698033024293	1698033027515	OK	 
REQUEST		Delete User	1698033027354	1698033027780	OK	 
USER	Create User	END	1698033027783
REQUEST		Register User	1698033027517	1698033028177	OK	 
REQUEST		Update User	1698033027155	1698033028565	OK	 
REQUEST		Update User	1698033028178	1698033028593	OK	 
REQUEST		Delete User	1698033028566	1698033028967	OK	 
USER	Create User	END	1698033028968
REQUEST		Delete User	1698033028594	1698033029268	OK	 
USER	Create User	END	1698033029271
REQUEST		create user request	1698033026294	1698033031814	OK	 
REQUEST		Register User	1698033031815	1698033032243	OK	 
REQUEST		Update User	1698033032244	1698033032913	OK	 
REQUEST		Delete User	1698033032914	1698033033315	OK	 
USER	Create User	END	1698033033315
