RUN	com.gatling.test.api.PostPutDeleteAPI	postputdeleteapi	1698030539505	 	3.6.1
USER	Create User	START	1698030544593
USER	Create User	START	1698030545588
USER	Create User	START	1698030543593
USER	Create User	START	1698030542603
REQUEST		create user request	1698030544594	1698030546435	OK	 
REQUEST		create user request	1698030542634	1698030546455	OK	 
REQUEST		create user request	1698030545588	1698030546435	OK	 
REQUEST		create user request	1698030543594	1698030546447	OK	 
USER	Create User	START	1698030546588
REQUEST		Register User	1698030546498	1698030546898	OK	 
REQUEST		Register User	1698030546498	1698030546898	OK	 
REQUEST		Register User	1698030546498	1698030546905	OK	 
REQUEST		Register User	1698030546498	1698030546929	OK	 
REQUEST		create user request	1698030546588	1698030547068	OK	 
REQUEST		Update User	1698030546898	1698030547303	OK	 
REQUEST		Update User	1698030546906	1698030547311	OK	 
REQUEST		Update User	1698030546898	1698030547311	OK	 
REQUEST		Update User	1698030546929	1698030547334	OK	 
REQUEST		Register User	1698030547069	1698030547469	OK	 
USER	Create User	START	1698030547589
REQUEST		Delete User	1698030547312	1698030547709	KO	status.find.is(204), but actually found 200
USER	Create User	END	1698030547726
REQUEST		Delete User	1698030547305	1698030547725	KO	status.find.is(204), but actually found 200
USER	Create User	END	1698030547727
REQUEST		Delete User	1698030547335	1698030547733	KO	status.find.is(204), but actually found 200
USER	Create User	END	1698030547735
REQUEST		Delete User	1698030547312	1698030547738	KO	status.find.is(204), but actually found 200
USER	Create User	END	1698030547740
REQUEST		Update User	1698030547470	1698030547870	OK	 
REQUEST		create user request	1698030547590	1698030548109	OK	 
REQUEST		Delete User	1698030547871	1698030548281	KO	status.find.is(204), but actually found 200
USER	Create User	END	1698030548283
REQUEST		Register User	1698030548113	1698030548558	OK	 
USER	Create User	START	1698030548587
REQUEST		Update User	1698030548559	1698030548961	OK	 
REQUEST		create user request	1698030548589	1698030549080	OK	 
REQUEST		Delete User	1698030548961	1698030549357	KO	status.find.is(204), but actually found 200
USER	Create User	END	1698030549359
REQUEST		Register User	1698030549081	1698030549510	OK	 
USER	Create User	START	1698030549587
REQUEST		Update User	1698030549512	1698030549939	OK	 
REQUEST		create user request	1698030549588	1698030550065	OK	 
REQUEST		Delete User	1698030549940	1698030550332	KO	status.find.is(204), but actually found 200
USER	Create User	END	1698030550333
REQUEST		Register User	1698030550066	1698030550474	OK	 
USER	Create User	START	1698030550587
REQUEST		Update User	1698030550475	1698030550873	OK	 
REQUEST		create user request	1698030550588	1698030551067	OK	 
REQUEST		Delete User	1698030550873	1698030551295	KO	status.find.is(204), but actually found 200
USER	Create User	END	1698030551297
REQUEST		Register User	1698030551068	1698030551470	OK	 
USER	Create User	START	1698030551587
REQUEST		create user request	1698030551588	1698030552092	OK	 
REQUEST		Update User	1698030551471	1698030552129	OK	 
REQUEST		Register User	1698030552093	1698030552494	OK	 
REQUEST		Delete User	1698030552130	1698030552534	KO	status.find.is(204), but actually found 200
USER	Create User	END	1698030552535
REQUEST		Update User	1698030552495	1698030553157	OK	 
REQUEST		Delete User	1698030553158	1698030553574	KO	status.find.is(204), but actually found 200
USER	Create User	END	1698030553575
