RUN	com.gatling.test.EditComputerName	editcomputername	1695697067624	 	3.6.1
USER	Admins	START	1695697071036
USER	Admins	START	1695697073025
REQUEST		Select	1695697073026	1695697075526	OK	 
REQUEST		Select	1695697071075	1695697075523	OK	 
USER	Admins	START	1695697076019
REQUEST		Select	1695697076020	1695697077144	OK	 
USER	Admins	START	1695697078020
REQUEST		Edit	1695697078615	1695697078882	OK	 
REQUEST		Edit	1695697078615	1695697078885	OK	 
REQUEST		Select	1695697078020	1695697079015	OK	 
REQUEST		Edit Redirect 1	1695697078906	1695697079174	OK	 
REQUEST		Edit Redirect 1	1695697078906	1695697079182	OK	 
REQUEST		Edit	1695697080149	1695697080506	OK	 
REQUEST		Edit Redirect 1	1695697080507	1695697080917	OK	 
USER	Admins	END	1695697082188
USER	Admins	END	1695697082188
REQUEST		Edit	1695697082019	1695697082339	OK	 
REQUEST		Edit Redirect 1	1695697082341	1695697082656	OK	 
USER	Admins	END	1695697083921
USER	Admins	END	1695697085662
