RUN	com.gatling.test.api.PostPutDeleteAPI	postputdeleteapi	1697793315773	 	3.6.1
USER	Create User	START	1697793320188
USER	Create User	START	1697793319386
USER	Create User	START	1697793318997
USER	Create User	START	1697793319288
USER	Create User	START	1697793319586
USER	Create User	START	1697793319988
USER	Create User	START	1697793319485
USER	Create User	START	1697793319686
USER	Create User	START	1697793320389
USER	Create User	START	1697793323015
USER	Create User	START	1697793323016
USER	Create User	START	1697793319184
USER	Create User	START	1697793319888
USER	Create User	START	1697793320288
USER	Create User	START	1697793319084
USER	Create User	START	1697793323016
USER	Create User	START	1697793320088
USER	Create User	START	1697793319787
USER	Create User	START	1697793323016
USER	Create User	START	1697793323017
USER	Create User	START	1697793323016
USER	Create User	START	1697793323016
USER	Create User	START	1697793323018
USER	Create User	START	1697793323018
USER	Create User	START	1697793323016
USER	Create User	START	1697793323017
USER	Create User	START	1697793323018
USER	Create User	START	1697793323016
USER	Create User	START	1697793323018
USER	Create User	START	1697793323017
USER	Create User	START	1697793323018
USER	Create User	START	1697793323019
USER	Create User	START	1697793323018
USER	Create User	START	1697793323017
USER	Create User	START	1697793323017
USER	Create User	START	1697793323020
USER	Create User	START	1697793323020
USER	Create User	START	1697793323022
USER	Create User	START	1697793323022
USER	Create User	START	1697793323022
USER	Create User	START	1697793323022
USER	Create User	START	1697793323179
USER	Create User	START	1697793323180
USER	Create User	START	1697793323281
USER	Create User	START	1697793323382
USER	Create User	START	1697793323481
USER	Create User	START	1697793323582
REQUEST		create user request	1697793319387	1697793323631	OK	 
REQUEST		create user request	1697793320390	1697793323659	OK	 
REQUEST		create user request	1697793323017	1697793323640	OK	 
REQUEST		create user request	1697793319586	1697793323632	OK	 
REQUEST		create user request	1697793319185	1697793323650	OK	 
REQUEST		create user request	1697793320188	1697793323631	OK	 
REQUEST		create user request	1697793320089	1697793323632	OK	 
REQUEST		create user request	1697793323016	1697793323658	OK	 
REQUEST		create user request	1697793319687	1697793323658	OK	 
REQUEST		create user request	1697793319889	1697793323659	OK	 
REQUEST		create user request	1697793319289	1697793323632	OK	 
REQUEST		create user request	1697793319488	1697793323632	OK	 
REQUEST		create user request	1697793319085	1697793323647	OK	 
REQUEST		create user request	1697793319989	1697793323658	OK	 
REQUEST		create user request	1697793323019	1697793323643	OK	 
USER	Create User	START	1697793323729
REQUEST		create user request	1697793323016	1697793323730	OK	 
REQUEST		create user request	1697793323023	1697793323731	OK	 
REQUEST		create user request	1697793319031	1697793323730	OK	 
REQUEST		create user request	1697793323020	1697793323732	OK	 
REQUEST		create user request	1697793323019	1697793323733	OK	 
REQUEST		create user request	1697793323016	1697793323736	OK	 
REQUEST		create user request	1697793323282	1697793323746	OK	 
USER	Create User	START	1697793323782
USER	Create User	START	1697793323881
REQUEST		create user request	1697793323181	1697793323930	OK	 
REQUEST		create user request	1697793323482	1697793323953	OK	 
USER	Create User	START	1697793323983
REQUEST		create user request	1697793323583	1697793324013	OK	 
USER	Create User	START	1697793324082
REQUEST		Register User	1697793323728	1697793324103	OK	 
REQUEST		Register User	1697793323729	1697793324103	OK	 
REQUEST		Register User	1697793323727	1697793324103	OK	 
REQUEST		Register User	1697793323729	1697793324103	OK	 
REQUEST		Register User	1697793323728	1697793324103	OK	 
REQUEST		Register User	1697793323730	1697793324103	OK	 
REQUEST		Register User	1697793323733	1697793324115	OK	 
REQUEST		Register User	1697793323730	1697793324115	OK	 
REQUEST		Register User	1697793323737	1697793324115	OK	 
REQUEST		Register User	1697793323732	1697793324121	OK	 
REQUEST		Register User	1697793323730	1697793324129	OK	 
REQUEST		Register User	1697793323727	1697793324129	OK	 
REQUEST		Register User	1697793323727	1697793324129	OK	 
REQUEST		Register User	1697793323727	1697793324141	OK	 
REQUEST		Register User	1697793323727	1697793324169	OK	 
REQUEST		Register User	1697793323747	1697793324168	OK	 
REQUEST		Register User	1697793323732	1697793324169	OK	 
REQUEST		create user request	1697793320289	1697793324169	OK	 
REQUEST		create user request	1697793323017	1697793324169	OK	 
USER	Create User	START	1697793324181
REQUEST		create user request	1697793323782	1697793324208	OK	 
USER	Create User	START	1697793324282
REQUEST		Register User	1697793323727	1697793324362	OK	 
REQUEST		Register User	1697793323735	1697793324362	OK	 
REQUEST		Register User	1697793323732	1697793324362	OK	 
USER	Create User	START	1697793324382
REQUEST		Register User	1697793323728	1697793324453	OK	 
REQUEST		create user request	1697793323018	1697793324453	OK	 
REQUEST		create user request	1697793319788	1697793324456	OK	 
REQUEST		Update User	1697793324104	1697793324474	OK	 
USER	Create User	END	1697793324479
USER	Create User	START	1697793324482
REQUEST		Update User	1697793324117	1697793324488	OK	 
REQUEST		Update User	1697793324105	1697793324488	OK	 
REQUEST		Update User	1697793324104	1697793324488	OK	 
REQUEST		Update User	1697793324104	1697793324488	OK	 
REQUEST		Update User	1697793324104	1697793324488	OK	 
USER	Create User	END	1697793324489
USER	Create User	END	1697793324489
USER	Create User	END	1697793324489
USER	Create User	END	1697793324490
USER	Create User	END	1697793324491
REQUEST		Update User	1697793324105	1697793324496	OK	 
REQUEST		Update User	1697793324117	1697793324496	OK	 
USER	Create User	END	1697793324498
USER	Create User	END	1697793324498
REQUEST		Update User	1697793324123	1697793324525	OK	 
REQUEST		Update User	1697793324142	1697793324525	OK	 
REQUEST		Update User	1697793324117	1697793324525	OK	 
USER	Create User	END	1697793324526
USER	Create User	END	1697793324527
USER	Create User	END	1697793324527
REQUEST		Update User	1697793324129	1697793324551	OK	 
REQUEST		Update User	1697793324170	1697793324551	OK	 
REQUEST		Update User	1697793324170	1697793324551	OK	 
REQUEST		Update User	1697793324129	1697793324551	OK	 
USER	Create User	END	1697793324551
USER	Create User	END	1697793324551
USER	Create User	END	1697793324552
USER	Create User	END	1697793324552
REQUEST		Register User	1697793323931	1697793324556	OK	 
REQUEST		Register User	1697793324170	1697793324568	OK	 
REQUEST		Register User	1697793324170	1697793324568	OK	 
USER	Create User	START	1697793324581
REQUEST		Register User	1697793324015	1697793324634	OK	 
REQUEST		create user request	1697793323984	1697793324663	OK	 
USER	Create User	START	1697793324681
REQUEST		create user request	1697793323180	1697793324698	OK	 
REQUEST		create user request	1697793323018	1697793324698	OK	 
REQUEST		Update User	1697793324363	1697793324744	OK	 
REQUEST		Update User	1697793324363	1697793324744	OK	 
REQUEST		Update User	1697793324363	1697793324744	OK	 
USER	Create User	END	1697793324745
USER	Create User	END	1697793324745
USER	Create User	END	1697793324745
REQUEST		create user request	1697793323882	1697793324755	OK	 
REQUEST		Update User	1697793324129	1697793324767	OK	 
REQUEST		create user request	1697793323017	1697793324767	OK	 
USER	Create User	END	1697793324768
USER	Create User	START	1697793324781
REQUEST		Update User	1697793324170	1697793324793	OK	 
USER	Create User	END	1697793324793
REQUEST		Register User	1697793324210	1697793324804	OK	 
REQUEST		Register User	1697793323955	1697793324818	OK	 
REQUEST		Update User	1697793324454	1697793324834	OK	 
REQUEST		Register User	1697793324457	1697793324834	OK	 
REQUEST		create user request	1697793324383	1697793324834	OK	 
REQUEST		create user request	1697793323383	1697793324834	OK	 
USER	Create User	END	1697793324835
REQUEST		Register User	1697793324454	1697793324852	OK	 
USER	Create User	START	1697793324881
REQUEST		Update User	1697793324557	1697793324943	OK	 
USER	Create User	END	1697793324944
REQUEST		Update User	1697793324569	1697793324965	OK	 
USER	Create User	END	1697793324966
USER	Create User	START	1697793324982
REQUEST		Update User	1697793324635	1697793325034	OK	 
USER	Create User	END	1697793325035
REQUEST		create user request	1697793324581	1697793325042	OK	 
REQUEST		Register User	1697793324664	1697793325065	OK	 
REQUEST		Register User	1697793323728	1697793325073	OK	 
REQUEST		Register User	1697793324699	1697793325080	OK	 
USER	Create User	START	1697793325081
REQUEST		Register User	1697793324699	1697793325104	OK	 
REQUEST		Register User	1697793324756	1697793325132	OK	 
REQUEST		create user request	1697793324681	1697793325132	OK	 
REQUEST		Register User	1697793324768	1697793325135	OK	 
REQUEST		create user request	1697793323020	1697793325158	OK	 
REQUEST		create user request	1697793323729	1697793325158	OK	 
REQUEST		create user request	1697793324484	1697793325162	OK	 
USER	Create User	START	1697793325181
REQUEST		Update User	1697793324805	1697793325190	OK	 
USER	Create User	END	1697793325191
REQUEST		Register User	1697793324835	1697793325209	OK	 
REQUEST		Register User	1697793324835	1697793325209	OK	 
REQUEST		Update User	1697793324835	1697793325209	OK	 
REQUEST		Update User	1697793324819	1697793325209	OK	 
USER	Create User	END	1697793325210
USER	Create User	END	1697793325210
REQUEST		Update User	1697793324569	1697793325210	OK	 
USER	Create User	END	1697793325210
REQUEST		create user request	1697793324782	1697793325214	OK	 
REQUEST		Update User	1697793324853	1697793325223	OK	 
USER	Create User	END	1697793325224
USER	Create User	START	1697793325282
USER	Create User	START	1697793325382
REQUEST		create user request	1697793324882	1697793325392	OK	 
REQUEST		Register User	1697793325043	1697793325414	OK	 
REQUEST		Update User	1697793325066	1697793325440	OK	 
USER	Create User	END	1697793325442
REQUEST		create user request	1697793323017	1697793325451	OK	 
REQUEST		Update User	1697793325074	1697793325453	OK	 
USER	Create User	END	1697793325454
REQUEST		Update User	1697793325080	1697793325460	OK	 
REQUEST		create user request	1697793323018	1697793325460	OK	 
USER	Create User	END	1697793325461
REQUEST		create user request	1697793323020	1697793325464	OK	 
REQUEST		create user request	1697793323019	1697793325472	OK	 
REQUEST		create user request	1697793323020	1697793325475	OK	 
REQUEST		Update User	1697793325105	1697793325478	OK	 
USER	Create User	END	1697793325479
USER	Create User	START	1697793325481
REQUEST		create user request	1697793323023	1697793325498	OK	 
REQUEST		create user request	1697793323023	1697793325506	OK	 
REQUEST		Update User	1697793325136	1697793325528	OK	 
USER	Create User	END	1697793325529
REQUEST		create user request	1697793323020	1697793325578	OK	 
USER	Create User	START	1697793325582
REQUEST		Update User	1697793325210	1697793325597	OK	 
USER	Create User	END	1697793325598
USER	Create User	START	1697793325682
REQUEST		create user request	1697793324183	1697793325707	OK	 
REQUEST		create user request	1697793323017	1697793325708	OK	 
REQUEST		create user request	1697793324283	1697793325746	OK	 
REQUEST		Update User	1697793325133	1697793325757	OK	 
REQUEST		Register User	1697793325159	1697793325757	OK	 
USER	Create User	END	1697793325759
REQUEST		Register User	1697793325393	1697793325763	OK	 
REQUEST		create user request	1697793324082	1697793325770	OK	 
REQUEST		create user request	1697793325081	1697793325770	OK	 
USER	Create User	START	1697793325781
REQUEST		Update User	1697793325414	1697793325791	OK	 
USER	Create User	END	1697793325792
REQUEST		create user request	1697793325383	1697793325807	OK	 
REQUEST		Update User	1697793325210	1697793325815	OK	 
USER	Create User	END	1697793325817
REQUEST		Register User	1697793325452	1697793325834	OK	 
REQUEST		Register User	1697793325461	1697793325834	OK	 
REQUEST		Register User	1697793325215	1697793325867	OK	 
REQUEST		Register User	1697793325473	1697793325867	OK	 
REQUEST		create user request	1697793325182	1697793325867	OK	 
REQUEST		Register User	1697793325499	1697793325872	OK	 
USER	Create User	START	1697793325882
REQUEST		Register User	1697793325507	1697793325901	OK	 
REQUEST		Register User	1697793325579	1697793325974	OK	 
REQUEST		create user request	1697793325282	1697793325978	OK	 
USER	Create User	START	1697793325982
USER	Create User	START	1697793326082
REQUEST		create user request	1697793325582	1697793326093	OK	 
REQUEST		Register User	1697793325476	1697793326105	OK	 
REQUEST		Register User	1697793325747	1697793326120	OK	 
REQUEST		create user request	1697793325683	1697793326120	OK	 
REQUEST		Update User	1697793325759	1697793326142	OK	 
USER	Create User	END	1697793326143
USER	Create User	START	1697793326183
REQUEST		Register User	1697793325163	1697793326229	OK	 
REQUEST		Update User	1697793325872	1697793326266	OK	 
REQUEST		Update User	1697793325868	1697793326266	OK	 
REQUEST		Update User	1697793325868	1697793326266	OK	 
REQUEST		create user request	1697793325782	1697793326266	OK	 
USER	Create User	END	1697793326268
USER	Create User	END	1697793326268
USER	Create User	END	1697793326268
REQUEST		Update User	1697793325902	1697793326282	OK	 
USER	Create User	START	1697793326282
USER	Create User	END	1697793326283
REQUEST		Register User	1697793325710	1697793326319	OK	 
REQUEST		Register User	1697793325465	1697793326328	OK	 
REQUEST		Register User	1697793325980	1697793326356	OK	 
REQUEST		Update User	1697793325975	1697793326358	OK	 
USER	Create User	END	1697793326359
USER	Create User	START	1697793326382
REQUEST		create user request	1697793325882	1697793326386	OK	 
REQUEST		Register User	1697793325770	1697793326411	OK	 
REQUEST		Register User	1697793325770	1697793326411	OK	 
REQUEST		Register User	1697793325159	1697793326426	OK	 
REQUEST		create user request	1697793325984	1697793326426	OK	 
REQUEST		create user request	1697793323017	1697793326478	OK	 
USER	Create User	START	1697793326482
REQUEST		Update User	1697793326121	1697793326484	OK	 
REQUEST		Register User	1697793325868	1697793326484	OK	 
REQUEST		Register User	1697793326095	1697793326484	OK	 
USER	Create User	END	1697793326485
REQUEST		Register User	1697793326121	1697793326503	OK	 
USER	Create User	START	1697793326581
REQUEST		Register User	1697793325710	1697793326582	OK	 
REQUEST		Update User	1697793325764	1697793326598	OK	 
USER	Create User	END	1697793326599
REQUEST		Register User	1697793326268	1697793326643	OK	 
REQUEST		Register User	1697793325808	1697793326667	OK	 
USER	Create User	START	1697793326682
REQUEST		Update User	1697793325835	1697793326689	OK	 
USER	Create User	END	1697793326691
REQUEST		create user request	1697793324982	1697793326692	OK	 
REQUEST		Update User	1697793326328	1697793326714	OK	 
USER	Create User	END	1697793326715
REQUEST		Update User	1697793326319	1697793326720	OK	 
USER	Create User	END	1697793326721
REQUEST		Register User	1697793326388	1697793326762	OK	 
REQUEST		Update User	1697793326357	1697793326762	OK	 
USER	Create User	END	1697793326764
REQUEST		Update User	1697793326412	1697793326783	OK	 
USER	Create User	START	1697793326782
USER	Create User	END	1697793326784
REQUEST		create user request	1697793323016	1697793326789	OK	 
REQUEST		create user request	1697793323018	1697793326799	OK	 
REQUEST		Update User	1697793326426	1697793326805	OK	 
REQUEST		Register User	1697793326427	1697793326805	OK	 
USER	Create User	END	1697793326806
REQUEST		Update User	1697793326412	1697793326817	OK	 
USER	Create User	END	1697793326818
REQUEST		Register User	1697793326479	1697793326852	OK	 
REQUEST		Update User	1697793326485	1697793326862	OK	 
REQUEST		Update User	1697793326230	1697793326862	OK	 
USER	Create User	END	1697793326864
USER	Create User	END	1697793326864
REQUEST		Update User	1697793326504	1697793326876	OK	 
USER	Create User	END	1697793326878
USER	Create User	START	1697793326882
REQUEST		Update User	1697793326485	1697793326888	OK	 
USER	Create User	END	1697793326888
REQUEST		Update User	1697793326583	1697793326967	OK	 
USER	Create User	END	1697793326969
USER	Create User	START	1697793326982
REQUEST		create user request	1697793326282	1697793326984	OK	 
REQUEST		Update User	1697793326644	1697793327024	OK	 
USER	Create User	END	1697793327025
REQUEST		Register User	1697793326694	1697793327066	OK	 
USER	Create User	START	1697793327082
REQUEST		Update User	1697793325835	1697793327113	OK	 
USER	Create User	END	1697793327115
REQUEST		Update User	1697793326763	1697793327139	OK	 
USER	Create User	END	1697793327140
REQUEST		Update User	1697793326106	1697793327183	OK	 
REQUEST		Register User	1697793326791	1697793327183	OK	 
REQUEST		Update User	1697793326806	1697793327183	OK	 
USER	Create User	START	1697793327182
USER	Create User	END	1697793327185
USER	Create User	END	1697793327185
REQUEST		Register User	1697793326800	1697793327223	OK	 
REQUEST		create user request	1697793326783	1697793327223	OK	 
REQUEST		Update User	1697793326668	1697793327275	OK	 
USER	Create User	END	1697793327277
USER	Create User	START	1697793327282
USER	Create User	START	1697793327382
REQUEST		Update User	1697793326853	1697793327463	OK	 
USER	Create User	END	1697793327464
USER	Create User	START	1697793327481
REQUEST		create user request	1697793326083	1697793327512	OK	 
USER	Create User	START	1697793327583
REQUEST		Update User	1697793327224	1697793327633	OK	 
USER	Create User	END	1697793327635
REQUEST		Update User	1697793327066	1697793327683	OK	 
USER	Create User	START	1697793327683
USER	Create User	END	1697793327684
USER	Create User	START	1697793327783
REQUEST		Update User	1697793327184	1697793327815	OK	 
USER	Create User	END	1697793327816
USER	Create User	START	1697793327882
REQUEST		Register User	1697793327513	1697793327899	OK	 
USER	Create User	START	1697793327982
REQUEST		create user request	1697793327283	1697793327997	OK	 
REQUEST		create user request	1697793327082	1697793328022	OK	 
REQUEST		create user request	1697793327583	1697793328035	OK	 
REQUEST		Register User	1697793327224	1697793328076	OK	 
REQUEST		create user request	1697793327383	1697793328076	OK	 
REQUEST		create user request	1697793326382	1697793328076	OK	 
USER	Create User	START	1697793328082
REQUEST		create user request	1697793326682	1697793328152	OK	 
USER	Create User	START	1697793328183
REQUEST		create user request	1697793326883	1697793328251	OK	 
REQUEST		create user request	1697793327482	1697793328261	OK	 
REQUEST		create user request	1697793325481	1697793328265	OK	 
USER	Create User	START	1697793328283
REQUEST		create user request	1697793326582	1697793328291	OK	 
REQUEST		create user request	1697793327883	1697793328382	OK	 
USER	Create User	START	1697793328383
REQUEST		Register User	1697793327998	1697793328401	OK	 
REQUEST		create user request	1697793327683	1697793328401	OK	 
REQUEST		Register User	1697793328023	1697793328405	OK	 
REQUEST		Register User	1697793328036	1697793328405	OK	 
REQUEST		create user request	1697793327982	1697793328436	OK	 
REQUEST		Register User	1697793328077	1697793328465	OK	 
REQUEST		Register User	1697793328077	1697793328465	OK	 
REQUEST		create user request	1697793326983	1697793328465	OK	 
USER	Create User	START	1697793328482
REQUEST		Register User	1697793328153	1697793328531	OK	 
USER	Create User	START	1697793328582
REQUEST		Register User	1697793328252	1697793328628	OK	 
REQUEST		create user request	1697793328183	1697793328643	OK	 
REQUEST		Register User	1697793328292	1697793328675	OK	 
USER	Create User	START	1697793328681
REQUEST		Update User	1697793328077	1697793328684	OK	 
USER	Create User	END	1697793328685
REQUEST		Register User	1697793328383	1697793328761	OK	 
REQUEST		create user request	1697793326482	1697793328764	OK	 
REQUEST		Register User	1697793328402	1697793328782	OK	 
REQUEST		Update User	1697793328405	1697793328782	OK	 
REQUEST		Update User	1697793328402	1697793328782	OK	 
REQUEST		Update User	1697793328405	1697793328782	OK	 
USER	Create User	END	1697793328783
USER	Create User	END	1697793328783
USER	Create User	END	1697793328783
USER	Create User	START	1697793328782
REQUEST		Register User	1697793328466	1697793328847	OK	 
REQUEST		Update User	1697793328466	1697793328876	OK	 
USER	Create User	END	1697793328877
USER	Create User	START	1697793328883
REQUEST		create user request	1697793327183	1697793328911	OK	 
REQUEST		Update User	1697793328532	1697793328918	OK	 
USER	Create User	END	1697793328919
REQUEST		Register User	1697793328644	1697793329015	OK	 
REQUEST		Update User	1697793328629	1697793329015	OK	 
USER	Create User	END	1697793329017
REQUEST		Register User	1697793328266	1697793329125	OK	 
REQUEST		Update User	1697793328466	1697793329125	OK	 
USER	Create User	END	1697793329126
REQUEST		Update User	1697793328762	1697793329135	OK	 
REQUEST		create user request	1697793326183	1697793329135	OK	 
USER	Create User	END	1697793329137
REQUEST		Register User	1697793328263	1697793329148	OK	 
REQUEST		create user request	1697793323023	1697793329174	OK	 
REQUEST		Update User	1697793327900	1697793329209	OK	 
USER	Create User	END	1697793329210
REQUEST		create user request	1697793328783	1697793329237	OK	 
REQUEST		Register User	1697793325133	1697793329247	OK	 
REQUEST		Register User	1697793328439	1697793329273	OK	 
REQUEST		Update User	1697793328677	1697793329285	OK	 
REQUEST		Register User	1697793328912	1697793329285	OK	 
USER	Create User	END	1697793329286
REQUEST		create user request	1697793328383	1697793329361	OK	 
REQUEST		create user request	1697793328682	1697793329361	OK	 
REQUEST		Update User	1697793329016	1697793329387	OK	 
USER	Create User	END	1697793329389
REQUEST		Update User	1697793328783	1697793329426	OK	 
USER	Create User	END	1697793329427
REQUEST		Update User	1697793328848	1697793329482	OK	 
USER	Create User	END	1697793329483
REQUEST		Update User	1697793329126	1697793329505	OK	 
USER	Create User	END	1697793329506
REQUEST		create user request	1697793328082	1697793329548	OK	 
REQUEST		Register User	1697793329175	1697793329592	OK	 
REQUEST		Register User	1697793329238	1697793329611	OK	 
REQUEST		Update User	1697793329274	1697793329649	OK	 
REQUEST		create user request	1697793328884	1697793329649	OK	 
USER	Create User	END	1697793329650
REQUEST		Update User	1697793329286	1697793329668	OK	 
USER	Create User	END	1697793329670
REQUEST		Update User	1697793329149	1697793329787	OK	 
USER	Create User	END	1697793329789
REQUEST		Register User	1697793328765	1697793329853	OK	 
REQUEST		create user request	1697793327783	1697793329888	OK	 
REQUEST		Register User	1697793329550	1697793329968	OK	 
REQUEST		Update User	1697793329593	1697793329968	OK	 
USER	Create User	END	1697793329970
REQUEST		create user request	1697793328583	1697793329979	OK	 
REQUEST		Update User	1697793329612	1697793329998	OK	 
USER	Create User	END	1697793329999
REQUEST		Register User	1697793329363	1697793330007	OK	 
REQUEST		Register User	1697793329363	1697793330007	OK	 
REQUEST		Register User	1697793329137	1697793330012	OK	 
REQUEST		Register User	1697793329650	1697793330060	OK	 
REQUEST		Update User	1697793329248	1697793330115	OK	 
USER	Create User	END	1697793330117
REQUEST		Update User	1697793329854	1697793330228	OK	 
USER	Create User	END	1697793330229
REQUEST		Register User	1697793329889	1697793330287	OK	 
REQUEST		Update User	1697793329969	1697793330345	OK	 
USER	Create User	END	1697793330346
REQUEST		Register User	1697793329980	1697793330372	OK	 
REQUEST		Update User	1697793330013	1697793330392	OK	 
USER	Create User	END	1697793330393
REQUEST		Update User	1697793330061	1697793330433	OK	 
USER	Create User	END	1697793330435
REQUEST		Update User	1697793330008	1697793330614	OK	 
USER	Create User	END	1697793330615
REQUEST		Update User	1697793330008	1697793330619	OK	 
USER	Create User	END	1697793330620
REQUEST		Update User	1697793330288	1697793330688	OK	 
USER	Create User	END	1697793330690
REQUEST		Register User	1697793326986	1697793330961	OK	 
REQUEST		Update User	1697793330372	1697793331250	OK	 
USER	Create User	END	1697793331251
REQUEST		Update User	1697793330962	1697793331594	OK	 
USER	Create User	END	1697793331596
REQUEST		create user request	1697793328283	1697793332373	OK	 
REQUEST		create user request	1697793328483	1697793332877	OK	 
REQUEST		Register User	1697793332374	1697793333018	OK	 
REQUEST		Register User	1697793332878	1697793333282	OK	 
REQUEST		Update User	1697793333019	1697793333411	OK	 
USER	Create User	END	1697793333412
REQUEST		Update User	1697793333283	1697793333889	OK	 
USER	Create User	END	1697793333891
