RUN	com.gatling.test.api.PostPutDeleteAPI	postputdeleteapi	1698032543491	 	3.6.1
USER	Create User	START	1698032550096
USER	Create User	START	1698032549095
USER	Create User	START	1698032548106
USER	Create User	START	1698032551088
REQUEST		create user request	1698032550097	1698032551973	OK	 
REQUEST		create user request	1698032549096	1698032551973	OK	 
USER	Create User	START	1698032552088
REQUEST		create user request	1698032551089	1698032552293	OK	 
REQUEST		Register User	1698032552044	1698032552449	OK	 
REQUEST		Register User	1698032552044	1698032552492	OK	 
REQUEST		create user request	1698032552089	1698032552680	OK	 
REQUEST		Register User	1698032552294	1698032552706	OK	 
REQUEST		Update User	1698032552493	1698032552905	OK	 
USER	Create User	START	1698032553089
REQUEST		Update User	1698032552449	1698032553093	OK	 
REQUEST		create user request	1698032548147	1698032553114	OK	 
REQUEST		Register User	1698032552681	1698032553127	OK	 
REQUEST		Delete User	1698032552907	1698032553317	OK	 
USER	Create User	END	1698032553325
REQUEST		Update User	1698032552707	1698032553359	OK	 
REQUEST		Register User	1698032553116	1698032553520	OK	 
REQUEST		Delete User	1698032553094	1698032553521	OK	 
USER	Create User	END	1698032553522
REQUEST		Update User	1698032553127	1698032553543	OK	 
REQUEST		Delete User	1698032553360	1698032553767	OK	 
USER	Create User	END	1698032553768
REQUEST		Update User	1698032553521	1698032553928	OK	 
USER	Create User	START	1698032554088
REQUEST		Delete User	1698032553544	1698032554206	OK	 
USER	Create User	END	1698032554207
REQUEST		Delete User	1698032553929	1698032554332	OK	 
USER	Create User	END	1698032554333
USER	Create User	START	1698032555089
REQUEST		create user request	1698032553090	1698032555484	OK	 
REQUEST		create user request	1698032554088	1698032555781	OK	 
USER	Create User	START	1698032556088
REQUEST		Register User	1698032555485	1698032556156	OK	 
REQUEST		create user request	1698032555090	1698032556582	OK	 
REQUEST		Update User	1698032556157	1698032556799	OK	 
REQUEST		create user request	1698032556089	1698032556837	OK	 
REQUEST		Register User	1698032555782	1698032556877	OK	 
USER	Create User	START	1698032557088
REQUEST		Delete User	1698032556800	1698032557207	OK	 
USER	Create User	END	1698032557209
REQUEST		Register User	1698032556584	1698032557231	OK	 
REQUEST		Register User	1698032556838	1698032557247	OK	 
REQUEST		Update User	1698032556878	1698032557290	OK	 
REQUEST		create user request	1698032557089	1698032557613	OK	 
REQUEST		Update User	1698032557232	1698032557635	OK	 
REQUEST		Update User	1698032557248	1698032557676	OK	 
REQUEST		Delete User	1698032557291	1698032557698	OK	 
USER	Create User	END	1698032557699
REQUEST		Register User	1698032557614	1698032558014	OK	 
REQUEST		Delete User	1698032557635	1698032558038	OK	 
USER	Create User	END	1698032558039
REQUEST		Delete User	1698032557677	1698032558080	OK	 
USER	Create User	END	1698032558081
REQUEST		Update User	1698032558015	1698032558413	OK	 
REQUEST		Delete User	1698032558414	1698032558817	OK	 
USER	Create User	END	1698032558818
