RUN	com.gatling.test.api.PostPutDeleteAPI	postputdeleteapi	1698031081807	 	3.6.1
USER	Create User	START	1698031087917
USER	Create User	START	1698031085926
USER	Create User	START	1698031086917
USER	Create User	START	1698031088912
REQUEST		create user request	1698031088913	1698031089480	OK	 
REQUEST		create user request	1698031087919	1698031089498	OK	 
REQUEST		create user request	1698031086917	1698031089494	OK	 
REQUEST		create user request	1698031085951	1698031089699	OK	 
USER	Create User	START	1698031089913
REQUEST		Register User	1698031089539	1698031089937	OK	 
REQUEST		Register User	1698031089700	1698031090138	OK	 
REQUEST		Register User	1698031089539	1698031090179	OK	 
REQUEST		Register User	1698031089539	1698031090179	OK	 
REQUEST		create user request	1698031089915	1698031090424	OK	 
REQUEST		Update User	1698031090139	1698031090546	OK	 
REQUEST		Update User	1698031089938	1698031090606	OK	 
REQUEST		Update User	1698031090181	1698031090606	OK	 
REQUEST		Update User	1698031090181	1698031090625	OK	 
REQUEST		Register User	1698031090425	1698031090840	OK	 
USER	Create User	START	1698031090913
REQUEST		Delete User	1698031090548	1698031090950	OK	 
USER	Create User	END	1698031090954
REQUEST		Delete User	1698031090607	1698031091020	OK	 
REQUEST		Delete User	1698031090607	1698031091020	OK	 
USER	Create User	END	1698031091021
USER	Create User	END	1698031091021
REQUEST		Update User	1698031090840	1698031091274	OK	 
REQUEST		create user request	1698031090913	1698031091412	OK	 
REQUEST		Delete User	1698031090626	1698031091522	OK	 
USER	Create User	END	1698031091525
REQUEST		Delete User	1698031091275	1698031091691	OK	 
USER	Create User	END	1698031091692
REQUEST		Register User	1698031091413	1698031091847	OK	 
USER	Create User	START	1698031091913
REQUEST		Update User	1698031091851	1698031092255	OK	 
REQUEST		Delete User	1698031092256	1698031092656	OK	 
REQUEST		create user request	1698031091913	1698031092656	OK	 
USER	Create User	END	1698031092657
USER	Create User	START	1698031092913
REQUEST		Register User	1698031092657	1698031093063	OK	 
REQUEST		create user request	1698031092914	1698031093407	OK	 
REQUEST		Update User	1698031093064	1698031093494	OK	 
REQUEST		Register User	1698031093409	1698031093811	OK	 
REQUEST		Delete User	1698031093495	1698031093905	OK	 
USER	Create User	END	1698031093907
USER	Create User	START	1698031093913
REQUEST		Update User	1698031093812	1698031094216	OK	 
REQUEST		Delete User	1698031094217	1698031094635	OK	 
USER	Create User	END	1698031094636
REQUEST		create user request	1698031093913	1698031094712	OK	 
USER	Create User	START	1698031094912
REQUEST		Register User	1698031094714	1698031095120	OK	 
REQUEST		Update User	1698031095121	1698031095520	OK	 
REQUEST		Delete User	1698031095521	1698031095971	OK	 
USER	Create User	END	1698031095972
REQUEST		create user request	1698031094913	1698031096413	OK	 
REQUEST		Register User	1698031096415	1698031096817	OK	 
REQUEST		Update User	1698031096818	1698031097248	OK	 
REQUEST		Delete User	1698031097249	1698031097653	OK	 
USER	Create User	END	1698031097654
