RUN	com.gatling.test.api.PostPutDeleteAPI	postputdeleteapi	1698030661754	 	3.6.1
USER	Create User	START	1698030666319
USER	Create User	START	1698030667316
USER	Create User	START	1698030664328
USER	Create User	START	1698030665320
REQUEST		create user request	1698030665321	1698030667884	OK	 
USER	Create User	START	1698030668315
REQUEST		Register User	1698030667945	1698030668361	OK	 
REQUEST		Update User	1698030668362	1698030668787	OK	 
REQUEST		create user request	1698030668316	1698030668809	OK	 
REQUEST		create user request	1698030666320	1698030668820	OK	 
REQUEST		create user request	1698030667316	1698030668840	OK	 
REQUEST		Delete User	1698030668788	1698030669206	OK	 
USER	Create User	END	1698030669213
REQUEST		Register User	1698030668821	1698030669240	OK	 
REQUEST		Register User	1698030668812	1698030669240	OK	 
USER	Create User	START	1698030669315
REQUEST		Register User	1698030668841	1698030669474	OK	 
REQUEST		Update User	1698030669241	1698030669643	OK	 
REQUEST		Update User	1698030669241	1698030669643	OK	 
REQUEST		create user request	1698030664354	1698030669747	OK	 
REQUEST		Delete User	1698030669644	1698030670048	OK	 
REQUEST		Delete User	1698030669644	1698030670048	OK	 
USER	Create User	END	1698030670050
USER	Create User	END	1698030670050
REQUEST		Update User	1698030669475	1698030670126	OK	 
REQUEST		Register User	1698030669748	1698030670154	OK	 
USER	Create User	START	1698030670316
REQUEST		Delete User	1698030670126	1698030670557	OK	 
USER	Create User	END	1698030670559
REQUEST		Update User	1698030670155	1698030670589	OK	 
REQUEST		create user request	1698030669316	1698030670816	OK	 
REQUEST		Delete User	1698030670590	1698030671021	OK	 
USER	Create User	END	1698030671022
USER	Create User	START	1698030671315
USER	Create User	START	1698030672315
REQUEST		create user request	1698030670317	1698030672731	OK	 
REQUEST		create user request	1698030671316	1698030672759	OK	 
REQUEST		Register User	1698030672732	1698030673130	OK	 
REQUEST		Register User	1698030672760	1698030673178	OK	 
USER	Create User	START	1698030673315
REQUEST		Update User	1698030673131	1698030673534	OK	 
REQUEST		Update User	1698030673179	1698030673623	OK	 
REQUEST		create user request	1698030673315	1698030673866	OK	 
REQUEST		Delete User	1698030673535	1698030674164	OK	 
USER	Create User	END	1698030674165
REQUEST		Register User	1698030673867	1698030674496	OK	 
REQUEST		Update User	1698030674497	1698030674933	OK	 
REQUEST		Delete User	1698030673624	1698030674962	OK	 
USER	Create User	END	1698030674964
REQUEST		create user request	1698030672317	1698030675095	OK	 
REQUEST		Delete User	1698030674934	1698030675361	OK	 
USER	Create User	END	1698030675362
REQUEST		Register User	1698030675096	1698030675500	OK	 
REQUEST		Update User	1698030675501	1698030675921	OK	 
REQUEST		Delete User	1698030675922	1698030676360	OK	 
USER	Create User	END	1698030676361
REQUEST		Register User	1698030670817	1698030678711	OK	 
REQUEST		Update User	1698030678712	1698030679210	OK	 
REQUEST		Delete User	1698030679211	1698030679612	OK	 
USER	Create User	END	1698030679613
